
2018-07-16 20:04:44 393 [Warning] Using unique option prefix myisam-recover instead of myisam-recover-options is deprecated and will be removed in a future release. Please use the full name instead.
2018-07-16 20:04:44 393 [Note] Plugin 'FEDERATED' is disabled.
2018-07-16 20:04:44 393 [Note] InnoDB: Using atomics to ref count buffer pool pages
2018-07-16 20:04:44 393 [Note] InnoDB: The InnoDB memory heap is disabled
2018-07-16 20:04:44 393 [Note] InnoDB: Mutexes and rw_locks use GCC atomic builtins
2018-07-16 20:04:44 393 [Note] InnoDB: Memory barrier is not used
2018-07-16 20:04:44 393 [Note] InnoDB: Compressed tables use zlib 1.2.8
2018-07-16 20:04:44 393 [Note] InnoDB: Using Linux native AIO
2018-07-16 20:04:44 393 [Note] InnoDB: Using CPU crc32 instructions
2018-07-16 20:04:44 393 [Note] InnoDB: Initializing buffer pool, size = 128.0M
2018-07-16 20:04:44 393 [Note] InnoDB: Completed initialization of buffer pool
2018-07-16 20:04:44 393 [Note] InnoDB: Highest supported file format is Barracuda.
2018-07-16 20:04:44 393 [Warning] InnoDB: Resizing redo log from 2*320 to 2*3072 pages, LSN=1595675
2018-07-16 20:04:46 393 [Warning] InnoDB: Starting to delete and rewrite log files.
2018-07-16 20:04:46 393 [Note] InnoDB: Setting log file ./ib_logfile101 size to 48 MB
2018-07-16 20:04:46 393 [Note] InnoDB: Setting log file ./ib_logfile1 size to 48 MB
2018-07-16 20:04:46 393 [Note] InnoDB: Renaming log file ./ib_logfile101 to ./ib_logfile0
2018-07-16 20:04:46 393 [Warning] InnoDB: New log files created, LSN=1595675
2018-07-16 20:04:46 393 [Note] InnoDB: 128 rollback segment(s) are active.
2018-07-16 20:04:46 393 [Note] InnoDB: Creating tablespace and datafile system tables.
2018-07-16 20:04:46 393 [Note] InnoDB: Tablespace and datafile system tables created.
2018-07-16 20:04:46 393 [Note] InnoDB: Waiting for purge to start
2018-07-16 20:04:46 393 [Note] InnoDB: 5.6.34 started; log sequence number 1595675
2018-07-16 20:04:46 393 [ERROR] mysqld: Table './mysql/user' is marked as crashed and should be repaired
2018-07-16 20:04:46 393 [Warning] Checking table:   './mysql/user'
2018-07-16 20:04:46 393 [ERROR] 1 client is using or hasn't closed the table properly
2018-07-16 20:04:46 393 [Note] Binlog end
2018-07-16 20:04:46 393 [Note] InnoDB: FTS optimize thread exiting.
2018-07-16 20:04:46 393 [Note] InnoDB: Starting shutdown...
2018-07-16 20:04:48 393 [Note] InnoDB: Shutdown completed; log sequence number 1600309
180716 20:04:49 mysqld_safe Starting mysqld daemon with databases from /var/lib/mysql
2018-07-16 20:04:49 0 [Warning] Using unique option prefix key_buffer instead of key_buffer_size is deprecated and will be removed in a future release. Please use the full name instead.
2018-07-16 20:04:49 0 [Warning] TIMESTAMP with implicit DEFAULT value is deprecated. Please use --explicit_defaults_for_timestamp server option (see documentation for more details).
2018-07-16 20:04:49 0 [Note] /usr/sbin/mysqld (mysqld 5.6.34) starting as process 821 ...
2018-07-16 20:04:49 821 [Warning] Using unique option prefix myisam-recover instead of myisam-recover-options is deprecated and will be removed in a future release. Please use the full name instead.
2018-07-16 20:04:49 821 [Note] Plugin 'FEDERATED' is disabled.
2018-07-16 20:04:49 821 [Note] InnoDB: Using atomics to ref count buffer pool pages
2018-07-16 20:04:49 821 [Note] InnoDB: The InnoDB memory heap is disabled
2018-07-16 20:04:49 821 [Note] InnoDB: Mutexes and rw_locks use GCC atomic builtins
2018-07-16 20:04:49 821 [Note] InnoDB: Memory barrier is not used
2018-07-16 20:04:49 821 [Note] InnoDB: Compressed tables use zlib 1.2.8
2018-07-16 20:04:49 821 [Note] InnoDB: Using Linux native AIO
2018-07-16 20:04:49 821 [Note] InnoDB: Using CPU crc32 instructions
2018-07-16 20:04:49 821 [Note] InnoDB: Initializing buffer pool, size = 128.0M
2018-07-16 20:04:49 821 [Note] InnoDB: Completed initialization of buffer pool
2018-07-16 20:04:49 821 [Note] InnoDB: Highest supported file format is Barracuda.
2018-07-16 20:04:49 821 [Note] InnoDB: 128 rollback segment(s) are active.
2018-07-16 20:04:49 821 [Note] InnoDB: Waiting for purge to start
2018-07-16 20:04:49 821 [Note] InnoDB: 5.6.34 started; log sequence number 1600309
2018-07-16 20:04:49 821 [Warning] No existing UUID has been found, so we assume that this is the first time that this server has been started. Generating a new UUID: 7ea33db5-8933-11e8-9c30-0242ac110002.
2018-07-16 20:04:49 821 [Note] Server hostname (bind-address): '*'; port: 3306
2018-07-16 20:04:49 821 [Note] IPv6 is available.
2018-07-16 20:04:49 821 [Note]   - '::' resolves to '::';
2018-07-16 20:04:49 821 [Note] Server socket created on IP: '::'.
2018-07-16 20:04:49 821 [ERROR] Column count of mysql.events_waits_current is wrong. Expected 19, found 16. Created with MySQL 50555, now running 50634. Please use mysql_upgrade to fix this error.
2018-07-16 20:04:49 821 [ERROR] Column count of mysql.events_waits_history is wrong. Expected 19, found 16. Created with MySQL 50555, now running 50634. Please use mysql_upgrade to fix this error.
2018-07-16 20:04:49 821 [ERROR] Column count of mysql.events_waits_history_long is wrong. Expected 19, found 16. Created with MySQL 50555, now running 50634. Please use mysql_upgrade to fix this error.
2018-07-16 20:04:49 821 [ERROR] Native table 'performance_schema'.'events_waits_summary_by_host_by_event_name' has the wrong structure
2018-07-16 20:04:49 821 [ERROR] Incorrect definition of table performance_schema.events_waits_summary_by_thread_by_event_name: expected column 'THREAD_ID' at position 0 to have type bigint(20), found type int(11).
2018-07-16 20:04:49 821 [ERROR] Native table 'performance_schema'.'events_waits_summary_by_user_by_event_name' has the wrong structure
2018-07-16 20:04:49 821 [ERROR] Native table 'performance_schema'.'events_waits_summary_by_account_by_event_name' has the wrong structure
2018-07-16 20:04:49 821 [ERROR] Column count of mysql.file_summary_by_event_name is wrong. Expected 23, found 5. Created with MySQL 50555, now running 50634. Please use mysql_upgrade to fix this error.
2018-07-16 20:04:49 821 [ERROR] Column count of mysql.file_summary_by_instance is wrong. Expected 25, found 6. Created with MySQL 50555, now running 50634. Please use mysql_upgrade to fix this error.
2018-07-16 20:04:49 821 [ERROR] Native table 'performance_schema'.'host_cache' has the wrong structure
2018-07-16 20:04:49 821 [ERROR] Incorrect definition of table performance_schema.mutex_instances: expected column 'LOCKED_BY_THREAD_ID' at position 2 to have type bigint(20), found type int(11).
2018-07-16 20:04:49 821 [ERROR] Native table 'performance_schema'.'objects_summary_global_by_type' has the wrong structure
2018-07-16 20:04:49 821 [ERROR] Incorrect definition of table performance_schema.rwlock_instances: expected column 'WRITE_LOCKED_BY_THREAD_ID' at position 2 to have type bigint(20), found type int(11).
2018-07-16 20:04:49 821 [ERROR] Native table 'performance_schema'.'setup_actors' has the wrong structure
2018-07-16 20:04:49 821 [ERROR] Native table 'performance_schema'.'setup_objects' has the wrong structure
2018-07-16 20:04:49 821 [ERROR] Native table 'performance_schema'.'table_io_waits_summary_by_index_usage' has the wrong structure
2018-07-16 20:04:49 821 [ERROR] Native table 'performance_schema'.'table_io_waits_summary_by_table' has the wrong structure
2018-07-16 20:04:49 821 [ERROR] Native table 'performance_schema'.'table_lock_waits_summary_by_table' has the wrong structure
2018-07-16 20:04:49 821 [ERROR] Column count of mysql.threads is wrong. Expected 14, found 3. Created with MySQL 50555, now running 50634. Please use mysql_upgrade to fix this error.
2018-07-16 20:04:49 821 [ERROR] Native table 'performance_schema'.'events_stages_current' has the wrong structure
2018-07-16 20:04:49 821 [ERROR] Native table 'performance_schema'.'events_stages_history' has the wrong structure
2018-07-16 20:04:49 821 [ERROR] Native table 'performance_schema'.'events_stages_history_long' has the wrong structure
2018-07-16 20:04:49 821 [ERROR] Native table 'performance_schema'.'events_stages_summary_by_thread_by_event_name' has the wrong structure
2018-07-16 20:04:49 821 [ERROR] Native table 'performance_schema'.'events_stages_summary_by_account_by_event_name' has the wrong structure
2018-07-16 20:04:49 821 [ERROR] Native table 'performance_schema'.'events_stages_summary_by_user_by_event_name' has the wrong structure
2018-07-16 20:04:49 821 [ERROR] Native table 'performance_schema'.'events_stages_summary_by_host_by_event_name' has the wrong structure
2018-07-16 20:04:49 821 [ERROR] Native table 'performance_schema'.'events_stages_summary_global_by_event_name' has the wrong structure
2018-07-16 20:04:49 821 [ERROR] Native table 'performance_schema'.'events_statements_current' has the wrong structure
2018-07-16 20:04:49 821 [ERROR] Native table 'performance_schema'.'events_statements_history' has the wrong structure
2018-07-16 20:04:49 821 [ERROR] Native table 'performance_schema'.'events_statements_history_long' has the wrong structure
2018-07-16 20:04:49 821 [ERROR] Native table 'performance_schema'.'events_statements_summary_by_thread_by_event_name' has the wrong structure
2018-07-16 20:04:49 821 [ERROR] Native table 'performance_schema'.'events_statements_summary_by_account_by_event_name' has the wrong structure
2018-07-16 20:04:49 821 [ERROR] Native table 'performance_schema'.'events_statements_summary_by_user_by_event_name' has the wrong structure
2018-07-16 20:04:49 821 [ERROR] Native table 'performance_schema'.'events_statements_summary_by_host_by_event_name' has the wrong structure
2018-07-16 20:04:49 821 [ERROR] Native table 'performance_schema'.'events_statements_summary_global_by_event_name' has the wrong structure
2018-07-16 20:04:49 821 [ERROR] Native table 'performance_schema'.'events_statements_summary_by_digest' has the wrong structure
2018-07-16 20:04:49 821 [ERROR] Native table 'performance_schema'.'users' has the wrong structure
2018-07-16 20:04:49 821 [ERROR] Native table 'performance_schema'.'accounts' has the wrong structure
2018-07-16 20:04:49 821 [ERROR] Native table 'performance_schema'.'hosts' has the wrong structure
2018-07-16 20:04:49 821 [ERROR] Native table 'performance_schema'.'socket_instances' has the wrong structure
2018-07-16 20:04:49 821 [ERROR] Native table 'performance_schema'.'socket_summary_by_instance' has the wrong structure
2018-07-16 20:04:49 821 [ERROR] Native table 'performance_schema'.'socket_summary_by_event_name' has the wrong structure
2018-07-16 20:04:49 821 [ERROR] Native table 'performance_schema'.'session_connect_attrs' has the wrong structure
2018-07-16 20:04:49 821 [ERROR] Native table 'performance_schema'.'session_account_connect_attrs' has the wrong structure
2018-07-16 20:04:49 821 [Note] Event Scheduler: Loaded 0 events
2018-07-16 20:04:49 821 [Note] /usr/sbin/mysqld: ready for connections.
Version: '5.6.34'  socket: '/var/run/mysqld/mysqld.sock'  port: 3306  MySQL Community Server (GPL)
180717 15:09:34 mysqld_safe Starting mysqld daemon with databases from /var/lib/mysql
2018-07-17 15:09:34 0 [Warning] Using unique option prefix key_buffer instead of key_buffer_size is deprecated and will be removed in a future release. Please use the full name instead.
2018-07-17 15:09:34 0 [Warning] TIMESTAMP with implicit DEFAULT value is deprecated. Please use --explicit_defaults_for_timestamp server option (see documentation for more details).
2018-07-17 15:09:34 0 [Note] /usr/sbin/mysqld (mysqld 5.6.34) starting as process 580 ...
2018-07-17 15:09:35 580 [Warning] Using unique option prefix myisam-recover instead of myisam-recover-options is deprecated and will be removed in a future release. Please use the full name instead.
2018-07-17 15:09:35 580 [Note] Plugin 'FEDERATED' is disabled.
2018-07-17 15:09:35 580 [Note] InnoDB: Using atomics to ref count buffer pool pages
2018-07-17 15:09:35 580 [Note] InnoDB: The InnoDB memory heap is disabled
2018-07-17 15:09:35 580 [Note] InnoDB: Mutexes and rw_locks use GCC atomic builtins
2018-07-17 15:09:35 580 [Note] InnoDB: Memory barrier is not used
2018-07-17 15:09:35 580 [Note] InnoDB: Compressed tables use zlib 1.2.8
2018-07-17 15:09:35 580 [Note] InnoDB: Using Linux native AIO
2018-07-17 15:09:36 580 [Note] InnoDB: Using CPU crc32 instructions
2018-07-17 15:09:36 580 [Note] InnoDB: Initializing buffer pool, size = 8.0M
2018-07-17 15:09:36 580 [Note] InnoDB: Completed initialization of buffer pool
2018-07-17 15:09:37 580 [Note] InnoDB: Highest supported file format is Barracuda.
2018-07-17 15:09:37 580 [Note] InnoDB: The log sequence numbers 1600309 and 1600309 in ibdata files do not match the log sequence number 3124838 in the ib_logfiles!
2018-07-17 15:09:37 580 [Note] InnoDB: Database was not shutdown normally!
2018-07-17 15:09:37 580 [Note] InnoDB: Starting crash recovery.
2018-07-17 15:09:37 580 [Note] InnoDB: Reading tablespace information from the .ibd files...
2018-07-17 15:09:37 580 [Note] InnoDB: Restoring possible half-written data pages 
2018-07-17 15:09:37 580 [Note] InnoDB: from the doublewrite buffer...
2018-07-17 15:09:39 580 [Note] InnoDB: 128 rollback segment(s) are active.
2018-07-17 15:09:39 580 [Note] InnoDB: Waiting for purge to start
2018-07-17 15:09:39 580 [Note] InnoDB: 5.6.34 started; log sequence number 3124838
2018-07-17 15:09:39 580 [Note] Server hostname (bind-address): '*'; port: 3306
2018-07-17 15:09:39 580 [Note] IPv6 is available.
2018-07-17 15:09:39 580 [Note]   - '::' resolves to '::';
2018-07-17 15:09:39 580 [Note] Server socket created on IP: '::'.
2018-07-17 15:09:39 580 [ERROR] /usr/sbin/mysqld: Table './mysql/user' is marked as crashed and should be repaired
2018-07-17 15:09:39 580 [Warning] Checking table:   './mysql/user'
2018-07-17 15:09:39 580 [ERROR] 1 client is using or hasn't closed the table properly
2018-07-17 15:09:40 580 [Note] Event Scheduler: Loaded 0 events
2018-07-17 15:09:40 580 [Note] /usr/sbin/mysqld: ready for connections.
Version: '5.6.34'  socket: '/var/run/mysqld/mysqld.sock'  port: 3306  MySQL Community Server (GPL)
2018-07-17 15:10:24 580 [ERROR] /usr/sbin/mysqld: Table './mysql/proc' is marked as crashed and should be repaired
2018-07-17 15:10:24 580 [Warning] Checking table:   './mysql/proc'
180718 18:13:16 mysqld_safe Starting mysqld daemon with databases from /var/lib/mysql
2018-07-18 18:13:16 0 [Warning] Using unique option prefix key_buffer instead of key_buffer_size is deprecated and will be removed in a future release. Please use the full name instead.
2018-07-18 18:13:16 0 [Warning] TIMESTAMP with implicit DEFAULT value is deprecated. Please use --explicit_defaults_for_timestamp server option (see documentation for more details).
2018-07-18 18:13:17 0 [Note] /usr/sbin/mysqld (mysqld 5.6.34) starting as process 584 ...
2018-07-18 18:13:17 584 [Warning] Using unique option prefix myisam-recover instead of myisam-recover-options is deprecated and will be removed in a future release. Please use the full name instead.
2018-07-18 18:13:17 584 [Note] Plugin 'FEDERATED' is disabled.
2018-07-18 18:13:17 584 [Note] InnoDB: Using atomics to ref count buffer pool pages
2018-07-18 18:13:17 584 [Note] InnoDB: The InnoDB memory heap is disabled
2018-07-18 18:13:17 584 [Note] InnoDB: Mutexes and rw_locks use GCC atomic builtins
2018-07-18 18:13:17 584 [Note] InnoDB: Memory barrier is not used
2018-07-18 18:13:17 584 [Note] InnoDB: Compressed tables use zlib 1.2.8
2018-07-18 18:13:17 584 [Note] InnoDB: Using Linux native AIO
2018-07-18 18:13:18 584 [Note] InnoDB: Using CPU crc32 instructions
2018-07-18 18:13:18 584 [Note] InnoDB: Initializing buffer pool, size = 8.0M
2018-07-18 18:13:18 584 [Note] InnoDB: Completed initialization of buffer pool
2018-07-18 18:13:18 584 [Note] InnoDB: Highest supported file format is Barracuda.
2018-07-18 18:13:18 584 [Note] InnoDB: The log sequence numbers 1600309 and 1600309 in ibdata files do not match the log sequence number 3484878 in the ib_logfiles!
2018-07-18 18:13:18 584 [Note] InnoDB: Database was not shutdown normally!
2018-07-18 18:13:18 584 [Note] InnoDB: Starting crash recovery.
2018-07-18 18:13:18 584 [Note] InnoDB: Reading tablespace information from the .ibd files...
2018-07-18 18:13:19 584 [Note] InnoDB: Restoring possible half-written data pages 
2018-07-18 18:13:19 584 [Note] InnoDB: from the doublewrite buffer...
2018-07-18 18:13:19 584 [Note] InnoDB: 128 rollback segment(s) are active.
2018-07-18 18:13:19 584 [Note] InnoDB: Waiting for purge to start
2018-07-18 18:13:19 584 [Note] InnoDB: 5.6.34 started; log sequence number 3484878
2018-07-18 18:13:20 584 [Note] Server hostname (bind-address): '*'; port: 3306
2018-07-18 18:13:20 584 [Note] IPv6 is available.
2018-07-18 18:13:20 584 [Note]   - '::' resolves to '::';
2018-07-18 18:13:20 584 [Note] Server socket created on IP: '::'.
2018-07-18 18:13:20 584 [Note] Event Scheduler: Loaded 0 events
2018-07-18 18:13:20 584 [Note] /usr/sbin/mysqld: ready for connections.
Version: '5.6.34'  socket: '/var/run/mysqld/mysqld.sock'  port: 3306  MySQL Community Server (GPL)
180718 19:39:02 mysqld_safe Starting mysqld daemon with databases from /var/lib/mysql
2018-07-18 19:39:02 0 [Warning] Using unique option prefix key_buffer instead of key_buffer_size is deprecated and will be removed in a future release. Please use the full name instead.
2018-07-18 19:39:02 0 [Warning] TIMESTAMP with implicit DEFAULT value is deprecated. Please use --explicit_defaults_for_timestamp server option (see documentation for more details).
2018-07-18 19:39:02 0 [Note] /usr/sbin/mysqld (mysqld 5.6.34) starting as process 517 ...
2018-07-18 19:39:03 517 [Warning] Using unique option prefix myisam-recover instead of myisam-recover-options is deprecated and will be removed in a future release. Please use the full name instead.
2018-07-18 19:39:03 517 [Note] Plugin 'FEDERATED' is disabled.
2018-07-18 19:39:03 517 [Note] InnoDB: Using atomics to ref count buffer pool pages
2018-07-18 19:39:03 517 [Note] InnoDB: The InnoDB memory heap is disabled
2018-07-18 19:39:03 517 [Note] InnoDB: Mutexes and rw_locks use GCC atomic builtins
2018-07-18 19:39:03 517 [Note] InnoDB: Memory barrier is not used
2018-07-18 19:39:03 517 [Note] InnoDB: Compressed tables use zlib 1.2.8
2018-07-18 19:39:03 517 [Note] InnoDB: Using Linux native AIO
2018-07-18 19:39:03 517 [Note] InnoDB: Using CPU crc32 instructions
2018-07-18 19:39:03 517 [Note] InnoDB: Initializing buffer pool, size = 8.0M
2018-07-18 19:39:03 517 [Note] InnoDB: Completed initialization of buffer pool
2018-07-18 19:39:03 517 [Note] InnoDB: Highest supported file format is Barracuda.
2018-07-18 19:39:03 517 [Note] InnoDB: The log sequence numbers 1600309 and 1600309 in ibdata files do not match the log sequence number 3567670 in the ib_logfiles!
2018-07-18 19:39:03 517 [Note] InnoDB: Database was not shutdown normally!
2018-07-18 19:39:03 517 [Note] InnoDB: Starting crash recovery.
2018-07-18 19:39:03 517 [Note] InnoDB: Reading tablespace information from the .ibd files...
2018-07-18 19:39:03 517 [Note] InnoDB: Restoring possible half-written data pages 
2018-07-18 19:39:03 517 [Note] InnoDB: from the doublewrite buffer...
2018-07-18 19:39:04 517 [Note] InnoDB: 128 rollback segment(s) are active.
2018-07-18 19:39:04 517 [Note] InnoDB: Waiting for purge to start
2018-07-18 19:39:04 517 [Note] InnoDB: 5.6.34 started; log sequence number 3567670
2018-07-18 19:39:04 517 [Note] Server hostname (bind-address): '*'; port: 3306
2018-07-18 19:39:04 517 [Note] IPv6 is available.
2018-07-18 19:39:04 517 [Note]   - '::' resolves to '::';
2018-07-18 19:39:04 517 [Note] Server socket created on IP: '::'.
2018-07-18 19:39:04 517 [Note] Event Scheduler: Loaded 0 events
2018-07-18 19:39:04 517 [Note] /usr/sbin/mysqld: ready for connections.
Version: '5.6.34'  socket: '/var/run/mysqld/mysqld.sock'  port: 3306  MySQL Community Server (GPL)
180719 15:15:35 mysqld_safe Starting mysqld daemon with databases from /var/lib/mysql
2018-07-19 15:15:35 0 [Warning] Using unique option prefix key_buffer instead of key_buffer_size is deprecated and will be removed in a future release. Please use the full name instead.
2018-07-19 15:15:35 0 [Warning] TIMESTAMP with implicit DEFAULT value is deprecated. Please use --explicit_defaults_for_timestamp server option (see documentation for more details).
2018-07-19 15:15:35 0 [Note] /usr/sbin/mysqld (mysqld 5.6.34) starting as process 458 ...
2018-07-19 15:15:35 458 [Warning] Using unique option prefix myisam-recover instead of myisam-recover-options is deprecated and will be removed in a future release. Please use the full name instead.
2018-07-19 15:15:35 458 [Note] Plugin 'FEDERATED' is disabled.
2018-07-19 15:15:35 458 [Note] InnoDB: Using atomics to ref count buffer pool pages
2018-07-19 15:15:35 458 [Note] InnoDB: The InnoDB memory heap is disabled
2018-07-19 15:15:35 458 [Note] InnoDB: Mutexes and rw_locks use GCC atomic builtins
2018-07-19 15:15:35 458 [Note] InnoDB: Memory barrier is not used
2018-07-19 15:15:35 458 [Note] InnoDB: Compressed tables use zlib 1.2.8
2018-07-19 15:15:35 458 [Note] InnoDB: Using Linux native AIO
2018-07-19 15:15:35 458 [Note] InnoDB: Using CPU crc32 instructions
2018-07-19 15:15:35 458 [Note] InnoDB: Initializing buffer pool, size = 8.0M
2018-07-19 15:15:35 458 [Note] InnoDB: Completed initialization of buffer pool
2018-07-19 15:15:35 458 [Note] InnoDB: Highest supported file format is Barracuda.
2018-07-19 15:15:35 458 [Note] InnoDB: The log sequence numbers 1600309 and 1600309 in ibdata files do not match the log sequence number 3648022 in the ib_logfiles!
2018-07-19 15:15:35 458 [Note] InnoDB: Database was not shutdown normally!
2018-07-19 15:15:35 458 [Note] InnoDB: Starting crash recovery.
2018-07-19 15:15:35 458 [Note] InnoDB: Reading tablespace information from the .ibd files...
2018-07-19 15:15:35 458 [Note] InnoDB: Restoring possible half-written data pages 
2018-07-19 15:15:35 458 [Note] InnoDB: from the doublewrite buffer...
2018-07-19 15:15:35 458 [Note] InnoDB: 128 rollback segment(s) are active.
2018-07-19 15:15:35 458 [Note] InnoDB: Waiting for purge to start
2018-07-19 15:15:35 458 [Note] InnoDB: 5.6.34 started; log sequence number 3648022
2018-07-19 15:15:35 458 [Note] Server hostname (bind-address): '*'; port: 3306
2018-07-19 15:15:35 458 [Note] IPv6 is available.
2018-07-19 15:15:35 458 [Note]   - '::' resolves to '::';
2018-07-19 15:15:35 458 [Note] Server socket created on IP: '::'.
2018-07-19 15:15:35 458 [Note] Event Scheduler: Loaded 0 events
2018-07-19 15:15:35 458 [Note] /usr/sbin/mysqld: ready for connections.
Version: '5.6.34'  socket: '/var/run/mysqld/mysqld.sock'  port: 3306  MySQL Community Server (GPL)
180721 15:15:53 mysqld_safe Starting mysqld daemon with databases from /var/lib/mysql
2018-07-21 15:15:53 0 [Warning] Using unique option prefix key_buffer instead of key_buffer_size is deprecated and will be removed in a future release. Please use the full name instead.
2018-07-21 15:15:53 0 [Warning] TIMESTAMP with implicit DEFAULT value is deprecated. Please use --explicit_defaults_for_timestamp server option (see documentation for more details).
2018-07-21 15:15:53 0 [Note] /usr/sbin/mysqld (mysqld 5.6.34) starting as process 463 ...
2018-07-21 15:15:53 463 [Warning] Using unique option prefix myisam-recover instead of myisam-recover-options is deprecated and will be removed in a future release. Please use the full name instead.
2018-07-21 15:15:53 463 [Note] Plugin 'FEDERATED' is disabled.
2018-07-21 15:15:53 463 [Note] InnoDB: Using atomics to ref count buffer pool pages
2018-07-21 15:15:53 463 [Note] InnoDB: The InnoDB memory heap is disabled
2018-07-21 15:15:53 463 [Note] InnoDB: Mutexes and rw_locks use GCC atomic builtins
2018-07-21 15:15:53 463 [Note] InnoDB: Memory barrier is not used
2018-07-21 15:15:53 463 [Note] InnoDB: Compressed tables use zlib 1.2.8
2018-07-21 15:15:53 463 [Note] InnoDB: Using Linux native AIO
2018-07-21 15:15:53 463 [Note] InnoDB: Using CPU crc32 instructions
2018-07-21 15:15:53 463 [Note] InnoDB: Initializing buffer pool, size = 8.0M
2018-07-21 15:15:53 463 [Note] InnoDB: Completed initialization of buffer pool
2018-07-21 15:15:53 463 [Note] InnoDB: Highest supported file format is Barracuda.
2018-07-21 15:15:53 463 [Note] InnoDB: The log sequence numbers 1600309 and 1600309 in ibdata files do not match the log sequence number 3944750 in the ib_logfiles!
2018-07-21 15:15:53 463 [Note] InnoDB: Database was not shutdown normally!
2018-07-21 15:15:53 463 [Note] InnoDB: Starting crash recovery.
2018-07-21 15:15:53 463 [Note] InnoDB: Reading tablespace information from the .ibd files...
2018-07-21 15:15:53 463 [Note] InnoDB: Restoring possible half-written data pages 
2018-07-21 15:15:53 463 [Note] InnoDB: from the doublewrite buffer...
2018-07-21 15:15:53 463 [Note] InnoDB: 128 rollback segment(s) are active.
2018-07-21 15:15:53 463 [Note] InnoDB: Waiting for purge to start
2018-07-21 15:15:53 463 [Note] InnoDB: 5.6.34 started; log sequence number 3944750
2018-07-21 15:15:53 463 [Note] Server hostname (bind-address): '*'; port: 3306
2018-07-21 15:15:53 463 [Note] IPv6 is available.
2018-07-21 15:15:53 463 [Note]   - '::' resolves to '::';
2018-07-21 15:15:53 463 [Note] Server socket created on IP: '::'.
2018-07-21 15:15:53 463 [Note] Event Scheduler: Loaded 0 events
2018-07-21 15:15:53 463 [Note] /usr/sbin/mysqld: ready for connections.
Version: '5.6.34'  socket: '/var/run/mysqld/mysqld.sock'  port: 3306  MySQL Community Server (GPL)
180722 17:56:22 mysqld_safe Starting mysqld daemon with databases from /var/lib/mysql
2018-07-22 17:56:22 0 [Warning] Using unique option prefix key_buffer instead of key_buffer_size is deprecated and will be removed in a future release. Please use the full name instead.
2018-07-22 17:56:22 0 [Warning] TIMESTAMP with implicit DEFAULT value is deprecated. Please use --explicit_defaults_for_timestamp server option (see documentation for more details).
2018-07-22 17:56:22 0 [Note] /usr/sbin/mysqld (mysqld 5.6.34) starting as process 453 ...
2018-07-22 17:56:22 453 [Warning] Using unique option prefix myisam-recover instead of myisam-recover-options is deprecated and will be removed in a future release. Please use the full name instead.
2018-07-22 17:56:22 453 [Note] Plugin 'FEDERATED' is disabled.
2018-07-22 17:56:22 453 [Note] InnoDB: Using atomics to ref count buffer pool pages
2018-07-22 17:56:22 453 [Note] InnoDB: The InnoDB memory heap is disabled
2018-07-22 17:56:22 453 [Note] InnoDB: Mutexes and rw_locks use GCC atomic builtins
2018-07-22 17:56:22 453 [Note] InnoDB: Memory barrier is not used
2018-07-22 17:56:22 453 [Note] InnoDB: Compressed tables use zlib 1.2.8
2018-07-22 17:56:22 453 [Note] InnoDB: Using Linux native AIO
2018-07-22 17:56:22 453 [Note] InnoDB: Using CPU crc32 instructions
2018-07-22 17:56:22 453 [Note] InnoDB: Initializing buffer pool, size = 8.0M
2018-07-22 17:56:22 453 [Note] InnoDB: Completed initialization of buffer pool
2018-07-22 17:56:22 453 [Note] InnoDB: Highest supported file format is Barracuda.
2018-07-22 17:56:22 453 [Note] InnoDB: The log sequence numbers 1600309 and 1600309 in ibdata files do not match the log sequence number 4225921 in the ib_logfiles!
2018-07-22 17:56:22 453 [Note] InnoDB: Database was not shutdown normally!
2018-07-22 17:56:22 453 [Note] InnoDB: Starting crash recovery.
2018-07-22 17:56:22 453 [Note] InnoDB: Reading tablespace information from the .ibd files...
2018-07-22 17:56:22 453 [Note] InnoDB: Restoring possible half-written data pages 
2018-07-22 17:56:22 453 [Note] InnoDB: from the doublewrite buffer...
2018-07-22 17:56:23 453 [Note] InnoDB: 128 rollback segment(s) are active.
2018-07-22 17:56:23 453 [Note] InnoDB: Waiting for purge to start
2018-07-22 17:56:23 453 [Note] InnoDB: 5.6.34 started; log sequence number 4225921
2018-07-22 17:56:23 453 [Note] Server hostname (bind-address): '*'; port: 3306
2018-07-22 17:56:23 453 [Note] IPv6 is available.
2018-07-22 17:56:23 453 [Note]   - '::' resolves to '::';
2018-07-22 17:56:23 453 [Note] Server socket created on IP: '::'.
2018-07-22 17:56:23 453 [Note] Event Scheduler: Loaded 0 events
2018-07-22 17:56:23 453 [Note] /usr/sbin/mysqld: ready for connections.
Version: '5.6.34'  socket: '/var/run/mysqld/mysqld.sock'  port: 3306  MySQL Community Server (GPL)
