[16-Jul-2018 20:04:55 UTC] PHP Deprecated:  Directive 'track_errors' is deprecated in Unknown on line 0
[16-Jul-2018 20:05:47 UTC] PHP Deprecated:  Directive 'track_errors' is deprecated in Unknown on line 0
[16-Jul-2018 20:05:47 UTC] PHP Deprecated:  Directive 'track_errors' is deprecated in Unknown on line 0
[16-Jul-2018 20:05:50 UTC] PHP Deprecated:  Directive 'track_errors' is deprecated in Unknown on line 0
[16-Jul-2018 20:05:51 UTC] PHP Deprecated:  Directive 'track_errors' is deprecated in Unknown on line 0
[16-Jul-2018 20:05:52 UTC] PHP Deprecated:  Directive 'track_errors' is deprecated in Unknown on line 0
[16-Jul-2018 20:05:53 UTC] PHP Deprecated:  Directive 'track_errors' is deprecated in Unknown on line 0
[16-Jul-2018 20:05:54 UTC] PHP Deprecated:  Directive 'track_errors' is deprecated in Unknown on line 0
[16-Jul-2018 20:05:54 UTC] PHP Deprecated:  Directive 'track_errors' is deprecated in Unknown on line 0
[16-Jul-2018 20:05:54 UTC] PHP Deprecated:  Directive 'track_errors' is deprecated in Unknown on line 0
[16-Jul-2018 20:05:54 UTC] PHP Deprecated:  Directive 'track_errors' is deprecated in Unknown on line 0
[16-Jul-2018 20:05:56 UTC] PHP Deprecated:  Directive 'track_errors' is deprecated in Unknown on line 0
[16-Jul-2018 20:05:56 UTC] PHP Deprecated:  Directive 'track_errors' is deprecated in Unknown on line 0
[16-Jul-2018 20:05:56 UTC] PHP Parse error:  syntax error, unexpected end of file, expecting function (T_FUNCTION) or const (T_CONST) in phar:///usr/local/bin/wp/php/WP_CLI/SynopsisValidator.php on line 146
[16-Jul-2018 20:05:56 UTC] PHP Parse error:  syntax error, unexpected end of file, expecting function (T_FUNCTION) or const (T_CONST) in phar:///usr/local/bin/wp/php/WP_CLI/SynopsisValidator.php on line 146
[17-Jul-2018 15:09:36 UTC] PHP Deprecated:  Directive 'track_errors' is deprecated in Unknown on line 0
[17-Jul-2018 15:09:36 UTC] PHP Deprecated:  Directive 'track_errors' is deprecated in Unknown on line 0
[17-Jul-2018 15:09:36 UTC] PHP Deprecated:  Directive 'track_errors' is deprecated in Unknown on line 0
[17-Jul-2018 15:09:36 UTC] PHP Deprecated:  Directive 'track_errors' is deprecated in Unknown on line 0
[17-Jul-2018 15:09:36 UTC] PHP Deprecated:  Directive 'track_errors' is deprecated in Unknown on line 0
[17-Jul-2018 15:09:38 UTC] PHP Deprecated:  Directive 'track_errors' is deprecated in Unknown on line 0
[17-Jul-2018 15:09:38 UTC] PHP Deprecated:  Directive 'track_errors' is deprecated in Unknown on line 0
[17-Jul-2018 15:11:02 UTC] PHP Deprecated:  Directive 'track_errors' is deprecated in Unknown on line 0
[17-Jul-2018 15:11:02 UTC] PHP Deprecated:  Directive 'track_errors' is deprecated in Unknown on line 0
[17-Jul-2018 15:11:02 UTC] PHP Deprecated:  Directive 'track_errors' is deprecated in Unknown on line 0
[17-Jul-2018 15:11:02 UTC] PHP Deprecated:  Directive 'track_errors' is deprecated in Unknown on line 0
[17-Jul-2018 15:11:02 UTC] PHP Deprecated:  Directive 'track_errors' is deprecated in Unknown on line 0
[17-Jul-2018 15:11:02 UTC] PHP Deprecated:  Directive 'track_errors' is deprecated in Unknown on line 0
[17-Jul-2018 16:50:59 UTC] PHP Parse error:  syntax error, unexpected '$nom' (T_VARIABLE), expecting '(' in /app/public/wp-content/themes/universitebidon/index.php on line 12
[17-Jul-2018 17:02:22 UTC] PHP Parse error:  syntax error, unexpected '}', expecting ',' or ';' in /app/public/wp-content/themes/universitebidon/index.php on line 11
[17-Jul-2018 17:06:24 UTC] PHP Parse error:  syntax error, unexpected end of file in /app/public/wp-content/themes/universitebidon/index.php on line 13
[17-Jul-2018 17:10:14 UTC] PHP Fatal error:  Maximum execution time of 900 seconds exceeded in /app/public/wp-content/themes/universitebidon/index.php on line 7
[17-Jul-2018 17:10:14 UTC] PHP Stack trace:
[17-Jul-2018 17:10:14 UTC] PHP   1. {main}() /app/public/index.php:0
[17-Jul-2018 17:10:14 UTC] PHP   2. require() /app/public/index.php:17
[17-Jul-2018 17:10:14 UTC] PHP   3. require_once() /app/public/wp-blog-header.php:19
[17-Jul-2018 17:10:14 UTC] PHP   4. include() /app/public/wp-includes/template-loader.php:74
[18-Jul-2018 18:13:18 UTC] PHP Deprecated:  Directive 'track_errors' is deprecated in Unknown on line 0
[18-Jul-2018 18:13:18 UTC] PHP Deprecated:  Directive 'track_errors' is deprecated in Unknown on line 0
[18-Jul-2018 19:39:03 UTC] PHP Deprecated:  Directive 'track_errors' is deprecated in Unknown on line 0
[18-Jul-2018 19:39:33 UTC] PHP Deprecated:  Directive 'track_errors' is deprecated in Unknown on line 0
[18-Jul-2018 19:39:33 UTC] PHP Deprecated:  Directive 'track_errors' is deprecated in Unknown on line 0
[18-Jul-2018 19:39:33 UTC] PHP Deprecated:  Directive 'track_errors' is deprecated in Unknown on line 0
[18-Jul-2018 19:39:33 UTC] PHP Deprecated:  Directive 'track_errors' is deprecated in Unknown on line 0
[18-Jul-2018 19:39:33 UTC] PHP Deprecated:  Directive 'track_errors' is deprecated in Unknown on line 0
[18-Jul-2018 19:39:33 UTC] PHP Deprecated:  Directive 'track_errors' is deprecated in Unknown on line 0
[19-Jul-2018 15:15:34 UTC] PHP Deprecated:  Directive 'track_errors' is deprecated in Unknown on line 0
[19-Jul-2018 15:15:40 UTC] PHP Deprecated:  Directive 'track_errors' is deprecated in Unknown on line 0
[19-Jul-2018 15:15:40 UTC] PHP Deprecated:  Directive 'track_errors' is deprecated in Unknown on line 0
[19-Jul-2018 15:15:40 UTC] PHP Deprecated:  Directive 'track_errors' is deprecated in Unknown on line 0
[19-Jul-2018 15:15:40 UTC] PHP Deprecated:  Directive 'track_errors' is deprecated in Unknown on line 0
[19-Jul-2018 15:15:40 UTC] PHP Deprecated:  Directive 'track_errors' is deprecated in Unknown on line 0
[19-Jul-2018 15:15:40 UTC] PHP Deprecated:  Directive 'track_errors' is deprecated in Unknown on line 0
[19-Jul-2018 15:59:32 UTC] PHP Parse error:  syntax error, unexpected 'wp_enqueue_style' (T_STRING) in /app/public/wp-content/themes/universitebidon/functions.php on line 5
[19-Jul-2018 18:32:08 UTC] PHP Fatal error:  Uncaught Error: Call to undefined function getheader() in /app/public/wp-content/themes/universitebidon/page.php:4
Stack trace:
#0 /app/public/wp-includes/template-loader.php(74): include()
#1 /app/public/wp-blog-header.php(19): require_once('/app/public/wp-...')
#2 /app/public/index.php(17): require('/app/public/wp-...')
#3 {main}
  thrown in /app/public/wp-content/themes/universitebidon/page.php on line 4
[21-Jul-2018 15:15:52 UTC] PHP Deprecated:  Directive 'track_errors' is deprecated in Unknown on line 0
[21-Jul-2018 15:15:52 UTC] PHP Deprecated:  Directive 'track_errors' is deprecated in Unknown on line 0
[21-Jul-2018 15:19:53 UTC] PHP Parse error:  syntax error, unexpected '<' in /app/public/wp-content/themes/universitebidon/page.php on line 29
[21-Jul-2018 15:36:15 UTC] PHP Fatal error:  Uncaught Error: Call to undefined function get_the_tit2le() in /app/public/wp-content/themes/universitebidon/page.php:27
Stack trace:
#0 /app/public/wp-includes/template-loader.php(74): include()
#1 /app/public/wp-blog-header.php(19): require_once('/app/public/wp-...')
#2 /app/public/index.php(17): require('/app/public/wp-...')
#3 {main}
  thrown in /app/public/wp-content/themes/universitebidon/page.php on line 27
[21-Jul-2018 20:35:34 UTC] PHP Fatal error:  Uncaught Error: Call to undefined function the_tile() in /app/public/wp-content/themes/universitebidon/page.php:32
Stack trace:
#0 /app/public/wp-includes/template-loader.php(74): include()
#1 /app/public/wp-blog-header.php(19): require_once('/app/public/wp-...')
#2 /app/public/index.php(17): require('/app/public/wp-...')
#3 {main}
  thrown in /app/public/wp-content/themes/universitebidon/page.php on line 32
[22-Jul-2018 17:56:22 UTC] PHP Deprecated:  Directive 'track_errors' is deprecated in Unknown on line 0
[22-Jul-2018 17:56:31 UTC] PHP Deprecated:  Directive 'track_errors' is deprecated in Unknown on line 0
[22-Jul-2018 17:56:31 UTC] PHP Deprecated:  Directive 'track_errors' is deprecated in Unknown on line 0
[22-Jul-2018 17:56:31 UTC] PHP Deprecated:  Directive 'track_errors' is deprecated in Unknown on line 0
[22-Jul-2018 17:56:32 UTC] PHP Deprecated:  Directive 'track_errors' is deprecated in Unknown on line 0
[22-Jul-2018 17:56:32 UTC] PHP Deprecated:  Directive 'track_errors' is deprecated in Unknown on line 0
[22-Jul-2018 17:56:32 UTC] PHP Deprecated:  Directive 'track_errors' is deprecated in Unknown on line 0
[22-Jul-2018 18:36:51 UTC] PHP Warning:  Use of undefined constant wp_nav - assumed 'wp_nav' (this will throw an Error in a future version of PHP) in /app/public/wp-content/themes/universitebidon/footer.php on line 18
[22-Jul-2018 18:36:51 UTC] PHP Stack trace:
[22-Jul-2018 18:36:51 UTC] PHP   1. {main}() /app/public/index.php:0
[22-Jul-2018 18:36:51 UTC] PHP   2. require() /app/public/index.php:17
[22-Jul-2018 18:36:51 UTC] PHP   3. require_once() /app/public/wp-blog-header.php:19
[22-Jul-2018 18:36:51 UTC] PHP   4. include() /app/public/wp-includes/template-loader.php:74
[22-Jul-2018 18:36:51 UTC] PHP   5. get_footer() /app/public/wp-content/themes/universitebidon/page.php:71
[22-Jul-2018 18:36:51 UTC] PHP   6. locate_template() /app/public/wp-includes/general-template.php:76
[22-Jul-2018 18:36:51 UTC] PHP   7. load_template() /app/public/wp-includes/template.php:647
[22-Jul-2018 18:36:51 UTC] PHP   8. require_once() /app/public/wp-includes/template.php:688
[22-Jul-2018 18:36:51 UTC] PHP Fatal error:  Uncaught Error: Call to undefined function menu() in /app/public/wp-content/themes/universitebidon/footer.php:18
Stack trace:
#0 /app/public/wp-includes/template.php(688): require_once()
#1 /app/public/wp-includes/template.php(647): load_template('/app/public/wp-...', true)
#2 /app/public/wp-includes/general-template.php(76): locate_template(Array, true)
#3 /app/public/wp-content/themes/universitebidon/page.php(71): get_footer()
#4 /app/public/wp-includes/template-loader.php(74): include('/app/public/wp-...')
#5 /app/public/wp-blog-header.php(19): require_once('/app/public/wp-...')
#6 /app/public/index.php(17): require('/app/public/wp-...')
#7 {main}
  thrown in /app/public/wp-content/themes/universitebidon/footer.php on line 18
[23-Jul-2018 06:03:39 UTC] PHP Deprecated:  Directive 'track_errors' is deprecated in Unknown on line 0
[23-Jul-2018 06:03:39 UTC] PHP Deprecated:  Directive 'track_errors' is deprecated in Unknown on line 0
[23-Jul-2018 06:03:39 UTC] PHP Deprecated:  Directive 'track_errors' is deprecated in Unknown on line 0
[16-Aug-2018 15:28:52 UTC] PHP Deprecated:  Directive 'track_errors' is deprecated in Unknown on line 0
[16-Aug-2018 15:36:33 UTC] PHP Deprecated:  Directive 'track_errors' is deprecated in Unknown on line 0
[16-Aug-2018 15:36:33 UTC] PHP Deprecated:  Directive 'track_errors' is deprecated in Unknown on line 0
[16-Aug-2018 15:36:33 UTC] PHP Deprecated:  Directive 'track_errors' is deprecated in Unknown on line 0
[16-Aug-2018 15:36:33 UTC] PHP Deprecated:  Directive 'track_errors' is deprecated in Unknown on line 0
[16-Aug-2018 15:36:35 UTC] PHP Deprecated:  Directive 'track_errors' is deprecated in Unknown on line 0
[16-Aug-2018 15:36:35 UTC] PHP Deprecated:  Directive 'track_errors' is deprecated in Unknown on line 0
[17-Aug-2018 17:03:29 UTC] PHP Deprecated:  Directive 'track_errors' is deprecated in Unknown on line 0
[17-Aug-2018 17:03:29 UTC] PHP Deprecated:  Directive 'track_errors' is deprecated in Unknown on line 0
[17-Aug-2018 17:03:29 UTC] PHP Deprecated:  Directive 'track_errors' is deprecated in Unknown on line 0
[17-Aug-2018 17:03:29 UTC] PHP Deprecated:  Directive 'track_errors' is deprecated in Unknown on line 0
[17-Aug-2018 17:03:29 UTC] PHP Deprecated:  Directive 'track_errors' is deprecated in Unknown on line 0
[17-Aug-2018 17:03:29 UTC] PHP Deprecated:  Directive 'track_errors' is deprecated in Unknown on line 0
[17-Aug-2018 17:03:30 UTC] PHP Deprecated:  Directive 'track_errors' is deprecated in Unknown on line 0
[19-Aug-2018 18:35:16 UTC] PHP Warning:  Illegal string offset 'lat' in /app/public/wp-content/themes/universitebidon/archive-incubateur.php on line 21
[19-Aug-2018 18:35:16 UTC] PHP Stack trace:
[19-Aug-2018 18:35:16 UTC] PHP   1. {main}() /app/public/index.php:0
[19-Aug-2018 18:35:16 UTC] PHP   2. require() /app/public/index.php:17
[19-Aug-2018 18:35:16 UTC] PHP   3. require_once() /app/public/wp-blog-header.php:19
[19-Aug-2018 18:35:16 UTC] PHP   4. include() /app/public/wp-includes/template-loader.php:74
[19-Aug-2018 18:35:16 UTC] PHP Warning:  Illegal string offset 'lng' in /app/public/wp-content/themes/universitebidon/archive-incubateur.php on line 21
[19-Aug-2018 18:35:16 UTC] PHP Stack trace:
[19-Aug-2018 18:35:16 UTC] PHP   1. {main}() /app/public/index.php:0
[19-Aug-2018 18:35:16 UTC] PHP   2. require() /app/public/index.php:17
[19-Aug-2018 18:35:16 UTC] PHP   3. require_once() /app/public/wp-blog-header.php:19
[19-Aug-2018 18:35:16 UTC] PHP   4. include() /app/public/wp-includes/template-loader.php:74
[19-Aug-2018 18:35:16 UTC] PHP Warning:  Illegal string offset 'lat' in /app/public/wp-content/themes/universitebidon/archive-incubateur.php on line 21
[19-Aug-2018 18:35:16 UTC] PHP Stack trace:
[19-Aug-2018 18:35:16 UTC] PHP   1. {main}() /app/public/index.php:0
[19-Aug-2018 18:35:16 UTC] PHP   2. require() /app/public/index.php:17
[19-Aug-2018 18:35:16 UTC] PHP   3. require_once() /app/public/wp-blog-header.php:19
[19-Aug-2018 18:35:16 UTC] PHP   4. include() /app/public/wp-includes/template-loader.php:74
[19-Aug-2018 18:35:16 UTC] PHP Warning:  Illegal string offset 'lng' in /app/public/wp-content/themes/universitebidon/archive-incubateur.php on line 21
[19-Aug-2018 18:35:16 UTC] PHP Stack trace:
[19-Aug-2018 18:35:16 UTC] PHP   1. {main}() /app/public/index.php:0
[19-Aug-2018 18:35:16 UTC] PHP   2. require() /app/public/index.php:17
[19-Aug-2018 18:35:16 UTC] PHP   3. require_once() /app/public/wp-blog-header.php:19
[19-Aug-2018 18:35:16 UTC] PHP   4. include() /app/public/wp-includes/template-loader.php:74
[19-Aug-2018 19:00:18 UTC] PHP Warning:  Illegal string offset 'lat' in /app/public/wp-content/themes/universitebidon/archive-incubateur.php on line 21
[19-Aug-2018 19:00:18 UTC] PHP Stack trace:
[19-Aug-2018 19:00:18 UTC] PHP   1. {main}() /app/public/index.php:0
[19-Aug-2018 19:00:18 UTC] PHP   2. require() /app/public/index.php:17
[19-Aug-2018 19:00:18 UTC] PHP   3. require_once() /app/public/wp-blog-header.php:19
[19-Aug-2018 19:00:18 UTC] PHP   4. include() /app/public/wp-includes/template-loader.php:74
[19-Aug-2018 19:00:18 UTC] PHP Warning:  Illegal string offset 'lng' in /app/public/wp-content/themes/universitebidon/archive-incubateur.php on line 21
[19-Aug-2018 19:00:18 UTC] PHP Stack trace:
[19-Aug-2018 19:00:18 UTC] PHP   1. {main}() /app/public/index.php:0
[19-Aug-2018 19:00:18 UTC] PHP   2. require() /app/public/index.php:17
[19-Aug-2018 19:00:18 UTC] PHP   3. require_once() /app/public/wp-blog-header.php:19
[19-Aug-2018 19:00:18 UTC] PHP   4. include() /app/public/wp-includes/template-loader.php:74
[19-Aug-2018 19:00:18 UTC] PHP Warning:  Illegal string offset 'lat' in /app/public/wp-content/themes/universitebidon/archive-incubateur.php on line 21
[19-Aug-2018 19:00:18 UTC] PHP Stack trace:
[19-Aug-2018 19:00:18 UTC] PHP   1. {main}() /app/public/index.php:0
[19-Aug-2018 19:00:18 UTC] PHP   2. require() /app/public/index.php:17
[19-Aug-2018 19:00:18 UTC] PHP   3. require_once() /app/public/wp-blog-header.php:19
[19-Aug-2018 19:00:18 UTC] PHP   4. include() /app/public/wp-includes/template-loader.php:74
[19-Aug-2018 19:00:18 UTC] PHP Warning:  Illegal string offset 'lng' in /app/public/wp-content/themes/universitebidon/archive-incubateur.php on line 21
[19-Aug-2018 19:00:18 UTC] PHP Stack trace:
[19-Aug-2018 19:00:18 UTC] PHP   1. {main}() /app/public/index.php:0
[19-Aug-2018 19:00:18 UTC] PHP   2. require() /app/public/index.php:17
[19-Aug-2018 19:00:18 UTC] PHP   3. require_once() /app/public/wp-blog-header.php:19
[19-Aug-2018 19:00:18 UTC] PHP   4. include() /app/public/wp-includes/template-loader.php:74
[19-Aug-2018 19:00:44 UTC] PHP Warning:  Illegal string offset 'lat' in /app/public/wp-content/themes/universitebidon/archive-incubateur.php on line 21
[19-Aug-2018 19:00:44 UTC] PHP Stack trace:
[19-Aug-2018 19:00:44 UTC] PHP   1. {main}() /app/public/index.php:0
[19-Aug-2018 19:00:44 UTC] PHP   2. require() /app/public/index.php:17
[19-Aug-2018 19:00:44 UTC] PHP   3. require_once() /app/public/wp-blog-header.php:19
[19-Aug-2018 19:00:44 UTC] PHP   4. include() /app/public/wp-includes/template-loader.php:74
[19-Aug-2018 19:00:44 UTC] PHP Warning:  Illegal string offset 'lng' in /app/public/wp-content/themes/universitebidon/archive-incubateur.php on line 21
[19-Aug-2018 19:00:44 UTC] PHP Stack trace:
[19-Aug-2018 19:00:44 UTC] PHP   1. {main}() /app/public/index.php:0
[19-Aug-2018 19:00:44 UTC] PHP   2. require() /app/public/index.php:17
[19-Aug-2018 19:00:44 UTC] PHP   3. require_once() /app/public/wp-blog-header.php:19
[19-Aug-2018 19:00:44 UTC] PHP   4. include() /app/public/wp-includes/template-loader.php:74
[19-Aug-2018 19:00:44 UTC] PHP Warning:  Illegal string offset 'lat' in /app/public/wp-content/themes/universitebidon/archive-incubateur.php on line 21
[19-Aug-2018 19:00:44 UTC] PHP Stack trace:
[19-Aug-2018 19:00:44 UTC] PHP   1. {main}() /app/public/index.php:0
[19-Aug-2018 19:00:44 UTC] PHP   2. require() /app/public/index.php:17
[19-Aug-2018 19:00:44 UTC] PHP   3. require_once() /app/public/wp-blog-header.php:19
[19-Aug-2018 19:00:44 UTC] PHP   4. include() /app/public/wp-includes/template-loader.php:74
[19-Aug-2018 19:00:44 UTC] PHP Warning:  Illegal string offset 'lng' in /app/public/wp-content/themes/universitebidon/archive-incubateur.php on line 21
[19-Aug-2018 19:00:44 UTC] PHP Stack trace:
[19-Aug-2018 19:00:44 UTC] PHP   1. {main}() /app/public/index.php:0
[19-Aug-2018 19:00:44 UTC] PHP   2. require() /app/public/index.php:17
[19-Aug-2018 19:00:44 UTC] PHP   3. require_once() /app/public/wp-blog-header.php:19
[19-Aug-2018 19:00:44 UTC] PHP   4. include() /app/public/wp-includes/template-loader.php:74
[19-Aug-2018 19:00:46 UTC] PHP Warning:  Illegal string offset 'lat' in /app/public/wp-content/themes/universitebidon/archive-incubateur.php on line 22
[19-Aug-2018 19:00:46 UTC] PHP Stack trace:
[19-Aug-2018 19:00:46 UTC] PHP   1. {main}() /app/public/index.php:0
[19-Aug-2018 19:00:46 UTC] PHP   2. require() /app/public/index.php:17
[19-Aug-2018 19:00:46 UTC] PHP   3. require_once() /app/public/wp-blog-header.php:19
[19-Aug-2018 19:00:46 UTC] PHP   4. include() /app/public/wp-includes/template-loader.php:74
[19-Aug-2018 19:00:46 UTC] PHP Warning:  Illegal string offset 'lng' in /app/public/wp-content/themes/universitebidon/archive-incubateur.php on line 22
[19-Aug-2018 19:00:46 UTC] PHP Stack trace:
[19-Aug-2018 19:00:46 UTC] PHP   1. {main}() /app/public/index.php:0
[19-Aug-2018 19:00:46 UTC] PHP   2. require() /app/public/index.php:17
[19-Aug-2018 19:00:46 UTC] PHP   3. require_once() /app/public/wp-blog-header.php:19
[19-Aug-2018 19:00:46 UTC] PHP   4. include() /app/public/wp-includes/template-loader.php:74
[19-Aug-2018 19:00:46 UTC] PHP Warning:  Illegal string offset 'lat' in /app/public/wp-content/themes/universitebidon/archive-incubateur.php on line 22
[19-Aug-2018 19:00:46 UTC] PHP Stack trace:
[19-Aug-2018 19:00:46 UTC] PHP   1. {main}() /app/public/index.php:0
[19-Aug-2018 19:00:46 UTC] PHP   2. require() /app/public/index.php:17
[19-Aug-2018 19:00:46 UTC] PHP   3. require_once() /app/public/wp-blog-header.php:19
[19-Aug-2018 19:00:46 UTC] PHP   4. include() /app/public/wp-includes/template-loader.php:74
[19-Aug-2018 19:00:46 UTC] PHP Warning:  Illegal string offset 'lng' in /app/public/wp-content/themes/universitebidon/archive-incubateur.php on line 22
[19-Aug-2018 19:00:46 UTC] PHP Stack trace:
[19-Aug-2018 19:00:46 UTC] PHP   1. {main}() /app/public/index.php:0
[19-Aug-2018 19:00:46 UTC] PHP   2. require() /app/public/index.php:17
[19-Aug-2018 19:00:46 UTC] PHP   3. require_once() /app/public/wp-blog-header.php:19
[19-Aug-2018 19:00:46 UTC] PHP   4. include() /app/public/wp-includes/template-loader.php:74
[19-Aug-2018 19:00:50 UTC] PHP Parse error:  syntax error, unexpected '$localisation' (T_VARIABLE) in /app/public/wp-content/themes/universitebidon/archive-incubateur.php on line 20
[19-Aug-2018 19:01:55 UTC] PHP Parse error:  syntax error, unexpected ';' in /app/public/wp-content/themes/universitebidon/archive-incubateur.php on line 19
[19-Aug-2018 19:03:16 UTC] PHP Warning:  Use of undefined constant get_field - assumed 'get_field' (this will throw an Error in a future version of PHP) in /app/public/wp-content/themes/universitebidon/archive-incubateur.php on line 19
[19-Aug-2018 19:03:16 UTC] PHP Stack trace:
[19-Aug-2018 19:03:16 UTC] PHP   1. {main}() /app/public/index.php:0
[19-Aug-2018 19:03:16 UTC] PHP   2. require() /app/public/index.php:17
[19-Aug-2018 19:03:16 UTC] PHP   3. require_once() /app/public/wp-blog-header.php:19
[19-Aug-2018 19:03:16 UTC] PHP   4. include() /app/public/wp-includes/template-loader.php:74
[19-Aug-2018 19:03:16 UTC] PHP Warning:  Use of undefined constant get_field - assumed 'get_field' (this will throw an Error in a future version of PHP) in /app/public/wp-content/themes/universitebidon/archive-incubateur.php on line 19
[19-Aug-2018 19:03:16 UTC] PHP Stack trace:
[19-Aug-2018 19:03:16 UTC] PHP   1. {main}() /app/public/index.php:0
[19-Aug-2018 19:03:16 UTC] PHP   2. require() /app/public/index.php:17
[19-Aug-2018 19:03:16 UTC] PHP   3. require_once() /app/public/wp-blog-header.php:19
[19-Aug-2018 19:03:16 UTC] PHP   4. include() /app/public/wp-includes/template-loader.php:74
[19-Aug-2018 19:14:34 UTC] PHP Parse error:  syntax error, unexpected 'cochrane' (T_STRING), expecting ',' or ')' in /app/public/wp-content/themes/universitebidon/archive-incubateur.php on line 22
[19-Aug-2018 19:15:49 UTC] PHP Parse error:  syntax error, unexpected '=' in /app/public/wp-content/themes/universitebidon/archive-incubateur.php on line 23
[19-Aug-2018 19:16:25 UTC] PHP Parse error:  syntax error, unexpected 'scrollwheel' (T_STRING) in /app/public/wp-content/themes/universitebidon/archive-incubateur.php on line 23
[19-Aug-2018 19:17:59 UTC] PHP Parse error:  syntax error, unexpected '?>' in /app/public/wp-content/themes/universitebidon/archive-incubateur.php on line 25
[19-Aug-2018 19:19:38 UTC] PHP Parse error:  syntax error, unexpected '$adresse' (T_VARIABLE), expecting '(' in /app/public/wp-content/themes/universitebidon/archive-incubateur.php on line 24
[19-Aug-2018 19:23:50 UTC] PHP Parse error:  syntax error, unexpected 'lat' (T_STRING), expecting ']' in /app/public/wp-content/themes/universitebidon/archive-incubateur.php on line 31
[19-Aug-2018 19:25:54 UTC] PHP Parse error:  syntax error, unexpected '/', expecting '-' or identifier (T_STRING) or variable (T_VARIABLE) or number (T_NUM_STRING) in /app/public/wp-content/themes/universitebidon/archive-incubateur.php on line 30
[19-Aug-2018 19:27:02 UTC] PHP Parse error:  syntax error, unexpected '/', expecting ']' in /app/public/wp-content/themes/universitebidon/archive-incubateur.php on line 30
[19-Aug-2018 19:30:50 UTC] PHP Parse error:  syntax error, unexpected '[' in /app/public/wp-content/themes/universitebidon/archive-incubateur.php on line 30
[19-Aug-2018 19:31:31 UTC] PHP Parse error:  syntax error, unexpected '>' in /app/public/wp-content/themes/universitebidon/archive-incubateur.php on line 30
[19-Aug-2018 19:43:17 UTC] PHP Parse error:  syntax error, unexpected '?>' in /app/public/wp-content/themes/universitebidon/archive-incubateur.php on line 34
[19-Aug-2018 19:44:11 UTC] PHP Parse error:  syntax error, unexpected '$shortcode_marker' (T_VARIABLE) in /app/public/wp-content/themes/universitebidon/archive-incubateur.php on line 30
[19-Aug-2018 19:59:15 UTC] PHP Fatal error:  Uncaught Error: Function name must be a string in /app/public/wp-content/themes/universitebidon/single-incubateur.php:36
Stack trace:
#0 /app/public/wp-includes/template-loader.php(74): include()
#1 /app/public/wp-blog-header.php(19): require_once('/app/public/wp-...')
#2 /app/public/index.php(17): require('/app/public/wp-...')
#3 {main}
  thrown in /app/public/wp-content/themes/universitebidon/single-incubateur.php on line 36
[19-Aug-2018 19:59:16 UTC] PHP Fatal error:  Uncaught Error: Function name must be a string in /app/public/wp-content/themes/universitebidon/single-incubateur.php:36
Stack trace:
#0 /app/public/wp-includes/template-loader.php(74): include()
#1 /app/public/wp-blog-header.php(19): require_once('/app/public/wp-...')
#2 /app/public/index.php(17): require('/app/public/wp-...')
#3 {main}
  thrown in /app/public/wp-content/themes/universitebidon/single-incubateur.php on line 36
[19-Aug-2018 20:00:41 UTC] PHP Warning:  Use of undefined constant the_title - assumed 'the_title' (this will throw an Error in a future version of PHP) in /app/public/wp-content/themes/universitebidon/single-incubateur.php on line 8
[19-Aug-2018 20:00:41 UTC] PHP Stack trace:
[19-Aug-2018 20:00:41 UTC] PHP   1. {main}() /app/public/index.php:0
[19-Aug-2018 20:00:41 UTC] PHP   2. require() /app/public/index.php:17
[19-Aug-2018 20:00:41 UTC] PHP   3. require_once() /app/public/wp-blog-header.php:19
[19-Aug-2018 20:00:41 UTC] PHP   4. include() /app/public/wp-includes/template-loader.php:74
[19-Aug-2018 20:00:41 UTC] PHP Warning:  Use of undefined constant the_title - assumed 'the_title' (this will throw an Error in a future version of PHP) in /app/public/wp-content/themes/universitebidon/single-incubateur.php on line 8
[19-Aug-2018 20:00:41 UTC] PHP Stack trace:
[19-Aug-2018 20:00:41 UTC] PHP   1. {main}() /app/public/index.php:0
[19-Aug-2018 20:00:41 UTC] PHP   2. require() /app/public/index.php:17
[19-Aug-2018 20:00:41 UTC] PHP   3. require_once() /app/public/wp-blog-header.php:19
[19-Aug-2018 20:00:41 UTC] PHP   4. include() /app/public/wp-includes/template-loader.php:74
[19-Aug-2018 20:00:42 UTC] PHP Warning:  Use of undefined constant the_title - assumed 'the_title' (this will throw an Error in a future version of PHP) in /app/public/wp-content/themes/universitebidon/single-incubateur.php on line 8
[19-Aug-2018 20:00:42 UTC] PHP Stack trace:
[19-Aug-2018 20:00:42 UTC] PHP   1. {main}() /app/public/index.php:0
[19-Aug-2018 20:00:42 UTC] PHP Warning:  Use of undefined constant the_title - assumed 'the_title' (this will throw an Error in a future version of PHP) in /app/public/wp-content/themes/universitebidon/single-incubateur.php on line 8
[19-Aug-2018 20:00:42 UTC] PHP   2. require() /app/public/index.php:17
[19-Aug-2018 20:00:42 UTC] PHP   3. require_once() /app/public/wp-blog-header.php:19
[19-Aug-2018 20:00:42 UTC] PHP Stack trace:
[19-Aug-2018 20:00:42 UTC] PHP   4. include() /app/public/wp-includes/template-loader.php:74
[19-Aug-2018 20:00:42 UTC] PHP   1. {main}() /app/public/index.php:0
[19-Aug-2018 20:00:42 UTC] PHP   2. require() /app/public/index.php:17
[19-Aug-2018 20:00:42 UTC] PHP   3. require_once() /app/public/wp-blog-header.php:19
[19-Aug-2018 20:00:42 UTC] PHP   4. include() /app/public/wp-includes/template-loader.php:74
[19-Aug-2018 20:07:26 UTC] PHP Fatal error:  Uncaught Error: Call to a member function have_posts() on null in /app/public/wp-content/themes/universitebidon/single-incubateur.php:53
Stack trace:
#0 /app/public/wp-includes/template-loader.php(74): include()
#1 /app/public/wp-blog-header.php(19): require_once('/app/public/wp-...')
#2 /app/public/index.php(17): require('/app/public/wp-...')
#3 {main}
  thrown in /app/public/wp-content/themes/universitebidon/single-incubateur.php on line 53
[19-Aug-2018 20:07:27 UTC] PHP Fatal error:  Uncaught Error: Call to a member function have_posts() on null in /app/public/wp-content/themes/universitebidon/single-incubateur.php:53
Stack trace:
#0 /app/public/wp-includes/template-loader.php(74): include()
#1 /app/public/wp-blog-header.php(19): require_once('/app/public/wp-...')
#2 /app/public/index.php(17): require('/app/public/wp-...')
#3 {main}
  thrown in /app/public/wp-content/themes/universitebidon/single-incubateur.php on line 53
[19-Aug-2018 20:07:27 UTC] PHP Fatal error:  Uncaught Error: Call to a member function have_posts() on null in /app/public/wp-content/themes/universitebidon/single-incubateur.php:53
Stack trace:
#0 /app/public/wp-includes/template-loader.php(74): include()
#1 /app/public/wp-blog-header.php(19): require_once('/app/public/wp-...')
#2 /app/public/index.php(17): require('/app/public/wp-...')
#3 {main}
  thrown in /app/public/wp-content/themes/universitebidon/single-incubateur.php on line 53
[19-Aug-2018 20:07:28 UTC] PHP Fatal error:  Uncaught Error: Call to a member function have_posts() on null in /app/public/wp-content/themes/universitebidon/single-incubateur.php:53
Stack trace:
#0 /app/public/wp-includes/template-loader.php(74): include()
#1 /app/public/wp-blog-header.php(19): require_once('/app/public/wp-...')
#2 /app/public/index.php(17): require('/app/public/wp-...')
#3 {main}
  thrown in /app/public/wp-content/themes/universitebidon/single-incubateur.php on line 53
[19-Aug-2018 20:07:43 UTC] PHP Fatal error:  Uncaught Error: Call to a member function have_posts() on null in /app/public/wp-content/themes/universitebidon/single-incubateur.php:53
Stack trace:
#0 /app/public/wp-includes/template-loader.php(74): include()
#1 /app/public/wp-blog-header.php(19): require_once('/app/public/wp-...')
#2 /app/public/index.php(17): require('/app/public/wp-...')
#3 {main}
  thrown in /app/public/wp-content/themes/universitebidon/single-incubateur.php on line 53
[19-Aug-2018 20:07:44 UTC] PHP Fatal error:  Uncaught Error: Call to a member function have_posts() on null in /app/public/wp-content/themes/universitebidon/single-incubateur.php:53
Stack trace:
#0 /app/public/wp-includes/template-loader.php(74): include()
#1 /app/public/wp-blog-header.php(19): require_once('/app/public/wp-...')
#2 /app/public/index.php(17): require('/app/public/wp-...')
#3 {main}
  thrown in /app/public/wp-content/themes/universitebidon/single-incubateur.php on line 53
[19-Aug-2018 20:07:44 UTC] PHP Fatal error:  Uncaught Error: Call to a member function have_posts() on null in /app/public/wp-content/themes/universitebidon/single-incubateur.php:53
Stack trace:
#0 /app/public/wp-includes/template-loader.php(74): include()
#1 /app/public/wp-blog-header.php(19): require_once('/app/public/wp-...')
#2 /app/public/index.php(17): require('/app/public/wp-...')
#3 {main}
  thrown in /app/public/wp-content/themes/universitebidon/single-incubateur.php on line 53
[19-Aug-2018 20:07:45 UTC] PHP Fatal error:  Uncaught Error: Call to a member function have_posts() on null in /app/public/wp-content/themes/universitebidon/single-incubateur.php:53
Stack trace:
#0 /app/public/wp-includes/template-loader.php(74): include()
#1 /app/public/wp-blog-header.php(19): require_once('/app/public/wp-...')
#2 /app/public/index.php(17): require('/app/public/wp-...')
#3 {main}
  thrown in /app/public/wp-content/themes/universitebidon/single-incubateur.php on line 53
[19-Aug-2018 20:07:56 UTC] PHP Fatal error:  Uncaught Error: Call to a member function have_posts() on null in /app/public/wp-content/themes/universitebidon/single-incubateur.php:53
Stack trace:
#0 /app/public/wp-includes/template-loader.php(74): include()
#1 /app/public/wp-blog-header.php(19): require_once('/app/public/wp-...')
#2 /app/public/index.php(17): require('/app/public/wp-...')
#3 {main}
  thrown in /app/public/wp-content/themes/universitebidon/single-incubateur.php on line 53
[19-Aug-2018 20:07:56 UTC] PHP Fatal error:  Uncaught Error: Call to a member function have_posts() on null in /app/public/wp-content/themes/universitebidon/single-incubateur.php:53
Stack trace:
#0 /app/public/wp-includes/template-loader.php(74): include()
#1 /app/public/wp-blog-header.php(19): require_once('/app/public/wp-...')
#2 /app/public/index.php(17): require('/app/public/wp-...')
#3 {main}
  thrown in /app/public/wp-content/themes/universitebidon/single-incubateur.php on line 53
[19-Aug-2018 20:07:57 UTC] PHP Fatal error:  Uncaught Error: Call to a member function have_posts() on null in /app/public/wp-content/themes/universitebidon/single-incubateur.php:53
Stack trace:
#0 /app/public/wp-includes/template-loader.php(74): include()
#1 /app/public/wp-blog-header.php(19): require_once('/app/public/wp-...')
#2 /app/public/index.php(17): require('/app/public/wp-...')
#3 {main}
  thrown in /app/public/wp-content/themes/universitebidon/single-incubateur.php on line 53
[19-Aug-2018 20:07:57 UTC] PHP Fatal error:  Uncaught Error: Call to a member function have_posts() on null in /app/public/wp-content/themes/universitebidon/single-incubateur.php:53
Stack trace:
#0 /app/public/wp-includes/template-loader.php(74): include()
#1 /app/public/wp-blog-header.php(19): require_once('/app/public/wp-...')
#2 /app/public/index.php(17): require('/app/public/wp-...')
#3 {main}
  thrown in /app/public/wp-content/themes/universitebidon/single-incubateur.php on line 53
[19-Aug-2018 20:08:27 UTC] PHP Fatal error:  Uncaught Error: Call to a member function have_posts() on null in /app/public/wp-content/themes/universitebidon/single-incubateur.php:54
Stack trace:
#0 /app/public/wp-includes/template-loader.php(74): include()
#1 /app/public/wp-blog-header.php(19): require_once('/app/public/wp-...')
#2 /app/public/index.php(17): require('/app/public/wp-...')
#3 {main}
  thrown in /app/public/wp-content/themes/universitebidon/single-incubateur.php on line 54
[19-Aug-2018 20:08:27 UTC] PHP Fatal error:  Uncaught Error: Call to a member function have_posts() on null in /app/public/wp-content/themes/universitebidon/single-incubateur.php:54
Stack trace:
#0 /app/public/wp-includes/template-loader.php(74): include()
#1 /app/public/wp-blog-header.php(19): require_once('/app/public/wp-...')
#2 /app/public/index.php(17): require('/app/public/wp-...')
#3 {main}
  thrown in /app/public/wp-content/themes/universitebidon/single-incubateur.php on line 54
[19-Aug-2018 20:08:28 UTC] PHP Fatal error:  Uncaught Error: Call to a member function have_posts() on null in /app/public/wp-content/themes/universitebidon/single-incubateur.php:54
Stack trace:
#0 /app/public/wp-includes/template-loader.php(74): include()
#1 /app/public/wp-blog-header.php(19): require_once('/app/public/wp-...')
#2 /app/public/index.php(17): require('/app/public/wp-...')
#3 {main}
  thrown in /app/public/wp-content/themes/universitebidon/single-incubateur.php on line 54
[19-Aug-2018 20:08:29 UTC] PHP Fatal error:  Uncaught Error: Call to a member function have_posts() on null in /app/public/wp-content/themes/universitebidon/single-incubateur.php:54
Stack trace:
#0 /app/public/wp-includes/template-loader.php(74): include()
#1 /app/public/wp-blog-header.php(19): require_once('/app/public/wp-...')
#2 /app/public/index.php(17): require('/app/public/wp-...')
#3 {main}
  thrown in /app/public/wp-content/themes/universitebidon/single-incubateur.php on line 54
[19-Aug-2018 20:08:38 UTC] PHP Fatal error:  Uncaught Error: Call to a member function have_posts() on null in /app/public/wp-content/themes/universitebidon/single-incubateur.php:54
Stack trace:
#0 /app/public/wp-includes/template-loader.php(74): include()
#1 /app/public/wp-blog-header.php(19): require_once('/app/public/wp-...')
#2 /app/public/index.php(17): require('/app/public/wp-...')
#3 {main}
  thrown in /app/public/wp-content/themes/universitebidon/single-incubateur.php on line 54
[19-Aug-2018 20:08:39 UTC] PHP Fatal error:  Uncaught Error: Call to a member function have_posts() on null in /app/public/wp-content/themes/universitebidon/single-incubateur.php:54
Stack trace:
#0 /app/public/wp-includes/template-loader.php(74): include()
#1 /app/public/wp-blog-header.php(19): require_once('/app/public/wp-...')
#2 /app/public/index.php(17): require('/app/public/wp-...')
#3 {main}
  thrown in /app/public/wp-content/themes/universitebidon/single-incubateur.php on line 54
[19-Aug-2018 20:08:39 UTC] PHP Fatal error:  Uncaught Error: Call to a member function have_posts() on null in /app/public/wp-content/themes/universitebidon/single-incubateur.php:54
Stack trace:
#0 /app/public/wp-includes/template-loader.php(74): include()
#1 /app/public/wp-blog-header.php(19): require_once('/app/public/wp-...')
#2 /app/public/index.php(17): require('/app/public/wp-...')
#3 {main}
  thrown in /app/public/wp-content/themes/universitebidon/single-incubateur.php on line 54
[19-Aug-2018 20:08:40 UTC] PHP Fatal error:  Uncaught Error: Call to a member function have_posts() on null in /app/public/wp-content/themes/universitebidon/single-incubateur.php:54
Stack trace:
#0 /app/public/wp-includes/template-loader.php(74): include()
#1 /app/public/wp-blog-header.php(19): require_once('/app/public/wp-...')
#2 /app/public/index.php(17): require('/app/public/wp-...')
#3 {main}
  thrown in /app/public/wp-content/themes/universitebidon/single-incubateur.php on line 54
[19-Aug-2018 20:08:40 UTC] PHP Fatal error:  Uncaught Error: Call to a member function have_posts() on null in /app/public/wp-content/themes/universitebidon/single-incubateur.php:54
Stack trace:
#0 /app/public/wp-includes/template-loader.php(74): include()
#1 /app/public/wp-blog-header.php(19): require_once('/app/public/wp-...')
#2 /app/public/index.php(17): require('/app/public/wp-...')
#3 {main}
  thrown in /app/public/wp-content/themes/universitebidon/single-incubateur.php on line 54
[19-Aug-2018 20:08:41 UTC] PHP Fatal error:  Uncaught Error: Call to a member function have_posts() on null in /app/public/wp-content/themes/universitebidon/single-incubateur.php:54
Stack trace:
#0 /app/public/wp-includes/template-loader.php(74): include()
#1 /app/public/wp-blog-header.php(19): require_once('/app/public/wp-...')
#2 /app/public/index.php(17): require('/app/public/wp-...')
#3 {main}
  thrown in /app/public/wp-content/themes/universitebidon/single-incubateur.php on line 54
[19-Aug-2018 20:08:58 UTC] PHP Fatal error:  Uncaught Error: Call to a member function have_posts() on null in /app/public/wp-content/themes/universitebidon/single-incubateur.php:60
Stack trace:
#0 /app/public/wp-includes/template-loader.php(74): include()
#1 /app/public/wp-blog-header.php(19): require_once('/app/public/wp-...')
#2 /app/public/index.php(17): require('/app/public/wp-...')
#3 {main}
  thrown in /app/public/wp-content/themes/universitebidon/single-incubateur.php on line 60
[19-Aug-2018 20:09:00 UTC] PHP Fatal error:  Uncaught Error: Call to a member function have_posts() on null in /app/public/wp-content/themes/universitebidon/single-incubateur.php:60
Stack trace:
#0 /app/public/wp-includes/template-loader.php(74): include()
#1 /app/public/wp-blog-header.php(19): require_once('/app/public/wp-...')
#2 /app/public/index.php(17): require('/app/public/wp-...')
#3 {main}
  thrown in /app/public/wp-content/themes/universitebidon/single-incubateur.php on line 60
[19-Aug-2018 20:09:00 UTC] PHP Fatal error:  Uncaught Error: Call to a member function have_posts() on null in /app/public/wp-content/themes/universitebidon/single-incubateur.php:60
Stack trace:
#0 /app/public/wp-includes/template-loader.php(74): include()
#1 /app/public/wp-blog-header.php(19): require_once('/app/public/wp-...')
#2 /app/public/index.php(17): require('/app/public/wp-...')
#3 {main}
  thrown in /app/public/wp-content/themes/universitebidon/single-incubateur.php on line 60
[19-Aug-2018 20:09:20 UTC] PHP Fatal error:  Uncaught Error: Call to a member function the_post() on null in /app/public/wp-content/themes/universitebidon/single-incubateur.php:61
Stack trace:
#0 /app/public/wp-includes/template-loader.php(74): include()
#1 /app/public/wp-blog-header.php(19): require_once('/app/public/wp-...')
#2 /app/public/index.php(17): require('/app/public/wp-...')
#3 {main}
  thrown in /app/public/wp-content/themes/universitebidon/single-incubateur.php on line 61
[19-Aug-2018 20:09:21 UTC] PHP Fatal error:  Uncaught Error: Call to a member function the_post() on null in /app/public/wp-content/themes/universitebidon/single-incubateur.php:61
Stack trace:
#0 /app/public/wp-includes/template-loader.php(74): include()
#1 /app/public/wp-blog-header.php(19): require_once('/app/public/wp-...')
#2 /app/public/index.php(17): require('/app/public/wp-...')
#3 {main}
  thrown in /app/public/wp-content/themes/universitebidon/single-incubateur.php on line 61
[19-Aug-2018 20:32:02 UTC] PHP Parse error:  syntax error, unexpected '?>', expecting variable (T_VARIABLE) or '{' or '$' in /app/public/wp-content/themes/universitebidon/single-programme.php on line 92
[19-Aug-2018 20:35:04 UTC] PHP Parse error:  syntax error, unexpected '">Ce programme est proposé pa' (T_CONSTANT_ENCAPSED_STRING), expecting ',' or ';' in /app/public/wp-content/themes/universitebidon/single-programme.php on line 91
[19-Aug-2018 20:35:47 UTC] PHP Parse error:  syntax error, unexpected '}', expecting '(' in /app/public/wp-content/themes/universitebidon/single-programme.php on line 94
[19-Aug-2018 20:39:00 UTC] PHP Parse error:  syntax error, unexpected 'echo' (T_ECHO), expecting ',' or ';' in /app/public/wp-content/themes/universitebidon/single-programme.php on line 92
[19-Aug-2018 20:42:22 UTC] PHP Parse error:  syntax error, unexpected '}', expecting end of file in /app/public/wp-content/themes/universitebidon/single-incubateur.php on line 76
[19-Aug-2018 20:42:33 UTC] PHP Parse error:  syntax error, unexpected '}', expecting end of file in /app/public/wp-content/themes/universitebidon/single-incubateur.php on line 76
[19-Aug-2018 20:44:23 UTC] PHP Parse error:  syntax error, unexpected ')' in /app/public/wp-content/themes/universitebidon/functions.php on line 55
[19-Aug-2018 20:44:24 UTC] PHP Parse error:  syntax error, unexpected ')' in /app/public/wp-content/themes/universitebidon/functions.php on line 55
[19-Aug-2018 20:44:28 UTC] PHP Parse error:  syntax error, unexpected ')' in /app/public/wp-content/themes/universitebidon/functions.php on line 55
[19-Aug-2018 20:44:28 UTC] PHP Parse error:  syntax error, unexpected ')' in /app/public/wp-content/themes/universitebidon/functions.php on line 55
[20-Aug-2018 19:41:35 UTC] PHP Parse error:  syntax error, unexpected '}' in /app/public/wp-content/themes/universitebidon/functions.php on line 39
[20-Aug-2018 19:41:36 UTC] PHP Parse error:  syntax error, unexpected '}' in /app/public/wp-content/themes/universitebidon/functions.php on line 39
[20-Aug-2018 19:41:36 UTC] PHP Parse error:  syntax error, unexpected '}' in /app/public/wp-content/themes/universitebidon/functions.php on line 39
[20-Aug-2018 19:45:32 UTC] PHP Parse error:  syntax error, unexpected 'root_url' (T_STRING), expecting ',' or ')' in /app/public/wp-content/themes/universitebidon/functions.php on line 39
[20-Aug-2018 19:47:38 UTC] PHP Parse error:  syntax error, unexpected '');' (T_CONSTANT_ENCAPSED_STRING), expecting ',' or ')' in /app/public/wp-content/themes/universitebidon/functions.php on line 40
[22-Aug-2018 18:26:25 UTC] PHP Parse error:  syntax error, unexpected 'function' (T_FUNCTION), expecting '(' in /app/public/wp-content/themes/universitebidon/functions.php on line 5
[22-Aug-2018 18:44:52 UTC] PHP Fatal error:  Uncaught Error: Call to undefined function register_rest_fiels() in /app/public/wp-content/themes/universitebidon/functions.php:7
Stack trace:
#0 /app/public/wp-includes/class-wp-hook.php(286): monTheme_custom_rest(Object(WP_REST_Server))
#1 /app/public/wp-includes/class-wp-hook.php(310): WP_Hook->apply_filters(NULL, Array)
#2 /app/public/wp-includes/plugin.php(453): WP_Hook->do_action(Array)
#3 /app/public/wp-includes/rest-api.php(432): do_action('rest_api_init', Object(WP_REST_Server))
#4 /app/public/wp-includes/rest-api.php(259): rest_get_server()
#5 /app/public/wp-includes/class-wp-hook.php(286): rest_api_loaded(Object(WP))
#6 /app/public/wp-includes/class-wp-hook.php(310): WP_Hook->apply_filters('', Array)
#7 /app/public/wp-includes/plugin.php(515): WP_Hook->do_action(Array)
#8 /app/public/wp-includes/class-wp.php(373): do_action_ref_array('parse_request', Array)
#9 /app/public/wp-includes/class-wp.php(713): WP->parse_request('')
#10 /app/public/wp-includes/functions.php(960): WP->main('')
#11 /app/publi in /app/public/wp-content/themes/universitebidon/functions.php on line 7
[22-Aug-2018 20:13:43 UTC] PHP Deprecated:  Directive 'track_errors' is deprecated in Unknown on line 0
[22-Aug-2018 20:13:44 UTC] PHP Deprecated:  Directive 'track_errors' is deprecated in Unknown on line 0
[22-Aug-2018 20:13:44 UTC] PHP Deprecated:  Directive 'track_errors' is deprecated in Unknown on line 0
[22-Aug-2018 20:13:44 UTC] PHP Deprecated:  Directive 'track_errors' is deprecated in Unknown on line 0
[22-Aug-2018 20:13:44 UTC] PHP Deprecated:  Directive 'track_errors' is deprecated in Unknown on line 0
[22-Aug-2018 20:13:52 UTC] PHP Deprecated:  Directive 'track_errors' is deprecated in Unknown on line 0
[22-Aug-2018 20:13:52 UTC] PHP Deprecated:  Directive 'track_errors' is deprecated in Unknown on line 0
