[16-Jul-2018 20:04:56] NOTICE: fpm is running, pid 1138
[16-Jul-2018 20:04:56] NOTICE: ready to handle connections
[17-Jul-2018 15:09:39] NOTICE: fpm is running, pid 674
[17-Jul-2018 15:09:39] NOTICE: ready to handle connections
[18-Jul-2018 18:13:19] NOTICE: fpm is running, pid 638
[18-Jul-2018 18:13:19] NOTICE: ready to handle connections
[18-Jul-2018 19:39:04] NOTICE: fpm is running, pid 562
[18-Jul-2018 19:39:04] NOTICE: ready to handle connections
[19-Jul-2018 15:15:36] NOTICE: fpm is running, pid 574
[19-Jul-2018 15:15:36] NOTICE: ready to handle connections
[21-Jul-2018 15:15:54] NOTICE: fpm is running, pid 584
[21-Jul-2018 15:15:54] NOTICE: ready to handle connections
[22-Jul-2018 17:56:24] NOTICE: fpm is running, pid 571
[22-Jul-2018 17:56:24] NOTICE: ready to handle connections
[23-Jul-2018 06:03:45] NOTICE: fpm is running, pid 613
[23-Jul-2018 06:03:45] NOTICE: ready to handle connections
[16-Aug-2018 15:28:54] NOTICE: fpm is running, pid 564
[16-Aug-2018 15:28:54] NOTICE: ready to handle connections
[16-Aug-2018 15:37:07] WARNING: [pool www] server reached pm.max_children setting (5), consider raising it
[17-Aug-2018 17:03:38] NOTICE: fpm is running, pid 678
[17-Aug-2018 17:03:38] NOTICE: ready to handle connections
[22-Aug-2018 20:13:45] NOTICE: fpm is running, pid 953
[22-Aug-2018 20:13:45] NOTICE: ready to handle connections
